
=== Project zhf98 Execution Log ===

==== [REPO2DOCKER SETUP] ====
[2025-02-26 13:42:18] ‚úÖ Repo2Docker files created successfully in 0.00 seconds.
========================================

==== [TOTAL TIME] ====
[2025-02-26 13:42:18] ‚è≥ Total time from download to container setup: 26.93 seconds.
========================================

==== [CONTAINER SETUP] ====
[2025-02-26 13:42:18] ‚öôÔ∏è Building Docker container...
========================================

==== [CONTAINER SETUP] ====
[2025-02-26 13:48:10] ‚öôÔ∏è Building Docker container...
========================================

==== [CONTAINER BUILD] ====
[2025-02-26 13:48:10] ‚úÖ Container built successfully.
========================================

==== [CONTAINER RUN] ====
[2025-02-26 13:48:10] ‚úÖ Container is running.
========================================
File: /data/repo2docker/abstract ratings analysis.r
Execution Failed:
Loading required package: lme4
Loading required package: Matrix
Loading required package: lmerTest

Attaching package: ‚ÄòlmerTest‚Äô

The following object is masked from ‚Äòpackage:lme4‚Äô:

    lmer

The following object is masked from ‚Äòpackage:stats‚Äô:

    step

Loading required package: MuMIn
Loading required package: effects
Loading required package: carData
lattice theme set by effectsTheme()
See ?effectsTheme for details.
Loading required package: plyr
Loading required package: dplyr

Attaching package: ‚Äòdplyr‚Äô

The following objects are masked from ‚Äòpackage:plyr‚Äô:

    arrange, count, desc, failwith, id, mutate, rename, summarise,
    summarize

The following objects are masked from ‚Äòpackage:stats‚Äô:

    filter, lag

The following objects are masked from ‚Äòpackage:base‚Äô:

    intersect, setdiff, setequal, union

Loading required package: ggplot2
Loading required package: gridExtra

Attaching package: ‚ÄògridExtra‚Äô

The following object is masked from ‚Äòpackage:dplyr‚Äô:

    combine

Loading required package: psych

Attaching package: ‚Äòpsych‚Äô

The following objects are masked from ‚Äòpackage:ggplot2‚Äô:

    %+%, alpha

Error in file(file, "rt") : cannot open the connection
Calls: read.csv -> read.table -> file
In addition: Warning message:
In file(file, "rt") :
  cannot open file 'gatekeeper_all_abstracts.csv': No such file or directory
Execution halted

========================================
‚è≥ Total execution time for project zhf98: 2.91 seconds
‚è≥ Total execution time for project zhf98: 382 seconds

==================================================

=== Project skp56 Execution Log ===

==== [REPO2DOCKER SETUP] ====
[2025-02-26 13:51:44] ‚úÖ Repo2Docker files created successfully in 0.00 seconds.
========================================

==== [TOTAL TIME] ====
[2025-02-26 13:51:44] ‚è≥ Total time from download to container setup: 208.89 seconds.
========================================

==== [CONTAINER SETUP] ====
[2025-02-26 13:51:44] ‚öôÔ∏è Building Docker container...
========================================

==== [CONTAINER SETUP] ====
[2025-02-26 13:57:02] ‚öôÔ∏è Building Docker container...
========================================

==== [CONTAINER BUILD] ====
[2025-02-26 13:57:02] ‚úÖ Container built successfully.
========================================

==== [CONTAINER RUN] ====
[2025-02-26 13:57:02] ‚úÖ Container is running.
========================================
File: /data/repo2docker/CSEP_DataScienceExPhys_Akerman2021.R
Execution Failed:
Installing packages into ‚Äò/srv/rlibs‚Äô
(as ‚Äòlib‚Äô is unspecified)
also installing the dependencies ‚Äòbit‚Äô, ‚Äòbit64‚Äô, ‚Äòbackports‚Äô, ‚Äòblob‚Äô, ‚ÄòDBI‚Äô, ‚Äòdata.table‚Äô, ‚Äògargle‚Äô, ‚Äòids‚Äô, ‚Äòrematch2‚Äô, ‚Äòtimechange‚Äô, ‚Äòvroom‚Äô, ‚Äòtzdb‚Äô, ‚Äòselectr‚Äô, ‚Äòrematch‚Äô, ‚Äòbroom‚Äô, ‚Äòconflicted‚Äô, ‚Äòdbplyr‚Äô, ‚Äòdtplyr‚Äô, ‚Äòforcats‚Äô, ‚Äògoogledrive‚Äô, ‚Äògooglesheets4‚Äô, ‚Äòhaven‚Äô, ‚Äòhms‚Äô, ‚Äòlubridate‚Äô, ‚Äòmodelr‚Äô, ‚Äòreadr‚Äô, ‚Äòreprex‚Äô, ‚Äòrvest‚Äô, ‚Äòcellranger‚Äô, ‚Äòprogress‚Äô, ‚ÄòbayestestR‚Äô, ‚Äòinsight‚Äô, ‚Äòdatawizard‚Äô

trying URL 'https://packagemanager.posit.co/all/__linux__/jammy/2025-02-24+o1boPK8K/src/contrib/bit_4.5.0.1.tar.gz'
Content type 'binary/octet-stream' length 1155163 bytes (1.1 MB)
==================================================
downloaded 1.1 MB

trying URL 'https://packagemanager.posit.co/all/__linux__/jammy/2025-02-24+o1boPK8K/src/contrib/bit64_4.6.0-1.tar.gz'
Content type 'binary/octet-stream' length 480979 bytes (469 KB)
==================================================
downloaded 469 KB

trying URL 'https://packagemanager.posit.co/all/__linux__/jammy/2025-02-24+o1boPK8K/src/contrib/backports_1.5.0.tar.gz'
Content type 'binary/octet-stream' length 114231 bytes (111 KB)
==================================================
downloaded 111 KB

trying URL 'https://packagemanager.posit.co/all/__linux__/jammy/2025-02-24+o1boPK8K/src/contrib/blob_1.2.4.tar.gz'
Content type 'binary/octet-stream' length 45835 bytes (44 KB)
==================================================
downloaded 44 KB

trying URL 'https://packagemanager.posit.co/all/__linux__/jammy/2025-02-24+o1boPK8K/src/contrib/DBI_1.2.3.tar.gz'
Content type 'binary/octet-stream' length 876548 bytes (856 KB)
==================================================
downloaded 856 KB

trying URL 'https://packagemanager.posit.co/all/__linux__/jammy/2025-02-24+o1boPK8K/src/contrib/data.table_1.17.0.tar.gz'
Content type 'binary/octet-stream' length 2673861 bytes (2.5 MB)
==================================================
downloaded 2.5 MB

trying URL 'https://packagemanager.posit.co/all/__linux__/jammy/2025-02-24+o1boPK8K/src/contrib/gargle_1.5.2.tar.gz'
Content type 'binary/octet-stream' length 759700 bytes (741 KB)
==================================================
downloaded 741 KB

trying URL 'https://packagemanager.posit.co/all/__linux__/jammy/2025-02-24+o1boPK8K/src/contrib/ids_1.0.1.tar.gz'
Content type 'binary/octet-stream' length 119831 bytes (117 KB)
==================================================
downloaded 117 KB

trying URL 'https://packagemanager.posit.co/all/__linux__/jammy/2025-02-24+o1boPK8K/src/contrib/rematch2_2.1.2.tar.gz'
Content type 'binary/octet-stream' length 44677 bytes (43 KB)
==================================================
downloaded 43 KB

trying URL 'https://packagemanager.posit.co/all/__linux__/jammy/2025-02-24+o1boPK8K/src/contrib/timechange_0.3.0.tar.gz'
Content type 'binary/octet-stream' length 169173 bytes (165 KB)
==================================================
downloaded 165 KB

trying URL 'https://packagemanager.posit.co/all/__linux__/jammy/2025-02-24+o1boPK8K/src/contrib/vroom_1.6.5.tar.gz'
Content type 'binary/octet-stream' length 936248 bytes (914 KB)
==================================================
downloaded 914 KB

trying URL 'https://packagemanager.posit.co/all/__linux__/jammy/2025-02-24+o1boPK8K/src/contrib/tzdb_0.4.0.tar.gz'
Content type 'binary/octet-stream' length 640138 bytes (625 KB)
==================================================
downloaded 625 KB

trying URL 'https://packagemanager.posit.co/all/__linux__/jammy/2025-02-24+o1boPK8K/src/contrib/selectr_0.4-2.tar.gz'
Content type 'binary/octet-stream' length 488540 bytes (477 KB)
==================================================
downloaded 477 KB

trying URL 'https://packagemanager.posit.co/all/__linux__/jammy/2025-02-24+o1boPK8K/src/contrib/rematch_2.0.0.tar.gz'
Content type 'binary/octet-stream' length 15498 bytes (15 KB)
==================================================
downloaded 15 KB

trying URL 'https://packagemanager.posit.co/all/__linux__/jammy/2025-02-24+o1boPK8K/src/contrib/broom_1.0.7.tar.gz'
Content type 'binary/octet-stream' length 1851419 bytes (1.8 MB)
==================================================
downloaded 1.8 MB

trying URL 'https://packagemanager.posit.co/all/__linux__/jammy/2025-02-24+o1boPK8K/src/contrib/conflicted_1.2.0.tar.gz'
Content type 'binary/octet-stream' length 54754 bytes (53 KB)
==================================================
downloaded 53 KB

trying URL 'https://packagemanager.posit.co/all/__linux__/jammy/2025-02-24+o1boPK8K/src/contrib/dbplyr_2.5.0.tar.gz'
Content type 'binary/octet-stream' length 1225280 bytes (1.2 MB)
==================================================
downloaded 1.2 MB

trying URL 'https://packagemanager.posit.co/all/__linux__/jammy/2025-02-24+o1boPK8K/src/contrib/dtplyr_1.3.1.tar.gz'
Content type 'binary/octet-stream' length 353325 bytes (345 KB)
==================================================
downloaded 345 KB

trying URL 'https://packagemanager.posit.co/all/__linux__/jammy/2025-02-24+o1boPK8K/src/contrib/forcats_1.0.0.tar.gz'
Content type 'binary/octet-stream' length 422487 bytes (412 KB)
==================================================
downloaded 412 KB

trying URL 'https://packagemanager.posit.co/all/__linux__/jammy/2025-02-24+o1boPK8K/src/contrib/googledrive_2.1.1.tar.gz'
Content type 'binary/octet-stream' length 1889505 bytes (1.8 MB)
==================================================
downloaded 1.8 MB

trying URL 'https://packagemanager.posit.co/all/__linux__/jammy/2025-02-24+o1boPK8K/src/contrib/googlesheets4_1.1.1.tar.gz'
Content type 'binary/octet-stream' length 505818 bytes (493 KB)
==================================================
downloaded 493 KB

trying URL 'https://packagemanager.posit.co/all/__linux__/jammy/2025-02-24+o1boPK8K/src/contrib/haven_2.5.4.tar.gz'
Content type 'binary/octet-stream' length 377755 bytes (368 KB)
==================================================
downloaded 368 KB

trying URL 'https://packagemanager.posit.co/all/__linux__/jammy/2025-02-24+o1boPK8K/src/contrib/hms_1.1.3.tar.gz'
Content type 'binary/octet-stream' length 96547 bytes (94 KB)
==================================================
downloaded 94 KB

trying URL 'https://packagemanager.posit.co/all/__linux__/jammy/2025-02-24+o1boPK8K/src/contrib/lubridate_1.9.4.tar.gz'
Content type 'binary/octet-stream' length 968571 bytes (945 KB)
==================================================
downloaded 945 KB

trying URL 'https://packagemanager.posit.co/all/__linux__/jammy/2025-02-24+o1boPK8K/src/contrib/modelr_0.1.11.tar.gz'
Content type 'binary/octet-stream' length 198955 bytes (194 KB)
==================================================
downloaded 194 KB

trying URL 'https://packagemanager.posit.co/all/__linux__/jammy/2025-02-24+o1boPK8K/src/contrib/readr_2.1.5.tar.gz'
Content type 'binary/octet-stream' length 842631 bytes (822 KB)
==================================================
downloaded 822 KB

trying URL 'https://packagemanager.posit.co/all/__linux__/jammy/2025-02-24+o1boPK8K/src/contrib/reprex_2.1.1.tar.gz'
Content type 'binary/octet-stream' length 491882 bytes (480 KB)
==================================================
downloaded 480 KB

trying URL 'https://packagemanager.posit.co/all/__linux__/jammy/2025-02-24+o1boPK8K/src/contrib/rvest_1.0.4.tar.gz'
Content type 'binary/octet-stream' length 294169 bytes (287 KB)
==================================================
downloaded 287 KB

trying URL 'https://packagemanager.posit.co/all/__linux__/jammy/2025-02-24+o1boPK8K/src/contrib/cellranger_1.1.0.tar.gz'
Content type 'binary/octet-stream' length 100641 bytes (98 KB)
==================================================
downloaded 98 KB

trying URL 'https://packagemanager.posit.co/all/__linux__/jammy/2025-02-24+o1boPK8K/src/contrib/progress_1.2.3.tar.gz'
Content type 'binary/octet-stream' length 84534 bytes (82 KB)
==================================================
downloaded 82 KB

trying URL 'https://packagemanager.posit.co/all/__linux__/jammy/2025-02-24+o1boPK8K/src/contrib/bayestestR_0.15.2.tar.gz'
Content type 'binary/octet-stream' length 1076484 bytes (1.0 MB)
==================================================
downloaded 1.0 MB

trying URL 'https://packagemanager.posit.co/all/__linux__/jammy/2025-02-24+o1boPK8K/src/contrib/insight_1.0.2.tar.gz'
Content type 'binary/octet-stream' length 2282175 bytes (2.2 MB)
==================================================
downloaded 2.2 MB

trying URL 'https://packagemanager.posit.co/all/__linux__/jammy/2025-02-24+o1boPK8K/src/contrib/datawizard_1.0.0.tar.gz'
Content type 'binary/octet-stream' length 1095078 bytes (1.0 MB)
==================================================
downloaded 1.0 MB

trying URL 'https://packagemanager.posit.co/all/__linux__/jammy/2025-02-24+o1boPK8K/src/contrib/tidyverse_2.0.0.tar.gz'
Content type 'binary/octet-stream' length 425325 bytes (415 KB)
==================================================
downloaded 415 KB

trying URL 'https://packagemanager.posit.co/all/__linux__/jammy/2025-02-24+o1boPK8K/src/contrib/readxl_1.4.3.tar.gz'
Content type 'binary/octet-stream' length 862918 bytes (842 KB)
==================================================
downloaded 842 KB

trying URL 'https://packagemanager.posit.co/all/__linux__/jammy/2025-02-24+o1boPK8K/src/contrib/performance_0.13.0.tar.gz'
Content type 'binary/octet-stream' length 3180646 bytes (3.0 MB)
==================================================
downloaded 3.0 MB

* installing *binary* package ‚Äòbit‚Äô ...
* DONE (bit)
* installing *binary* package ‚Äòbackports‚Äô ...
* DONE (backports)
* installing *binary* package ‚Äòblob‚Äô ...
* DONE (blob)
* installing *binary* package ‚ÄòDBI‚Äô ...
* DONE (DBI)
* installing *binary* package ‚Äòdata.table‚Äô ...
* DONE (data.table)
* installing *binary* package ‚Äògargle‚Äô ...
* DONE (gargle)
* installing *binary* package ‚Äòids‚Äô ...
* DONE (ids)
* installing *binary* package ‚Äòrematch2‚Äô ...
* DONE (rematch2)
* installing *binary* package ‚Äòtimechange‚Äô ...
* DONE (timechange)
* installing *binary* package ‚Äòtzdb‚Äô ...
* DONE (tzdb)
* installing *binary* package ‚Äòselectr‚Äô ...
* DONE (selectr)
* installing *binary* package ‚Äòrematch‚Äô ...
* DONE (rematch)
* installing *binary* package ‚Äòconflicted‚Äô ...
* DONE (conflicted)
* installing *binary* package ‚Äòforcats‚Äô ...
* DONE (forcats)
* installing *binary* package ‚Äòhms‚Äô ...
* DONE (hms)
* installing *binary* package ‚Äòreprex‚Äô ...
* DONE (reprex)
* installing *binary* package ‚Äòinsight‚Äô ...
* DONE (insight)
* installing *binary* package ‚Äòbit64‚Äô ...
* DONE (bit64)
* installing *binary* package ‚Äòbroom‚Äô ...
* DONE (broom)
* installing *binary* package ‚Äòdbplyr‚Äô ...
* DONE (dbplyr)
* installing *binary* package ‚Äòdtplyr‚Äô ...
* DONE (dtplyr)
* installing *binary* package ‚Äògoogledrive‚Äô ...
* DONE (googledrive)
* installing *binary* package ‚Äòlubridate‚Äô ...
* DONE (lubridate)
* installing *binary* package ‚Äòrvest‚Äô ...
* DONE (rvest)
* installing *binary* package ‚Äòcellranger‚Äô ...
* DONE (cellranger)
* installing *binary* package ‚Äòprogress‚Äô ...
* DONE (progress)
* installing *binary* package ‚Äòdatawizard‚Äô ...
* DONE (datawizard)
* installing *binary* package ‚Äòvroom‚Äô ...
* DONE (vroom)
* installing *binary* package ‚Äògooglesheets4‚Äô ...
* DONE (googlesheets4)
* installing *binary* package ‚Äòmodelr‚Äô ...
* DONE (modelr)
* installing *binary* package ‚ÄòbayestestR‚Äô ...
* DONE (bayestestR)
* installing *binary* package ‚Äòreadxl‚Äô ...
* DONE (readxl)
* installing *binary* package ‚Äòreadr‚Äô ...
* DONE (readr)
* installing *binary* package ‚Äòperformance‚Äô ...
* DONE (performance)
* installing *binary* package ‚Äòhaven‚Äô ...
* DONE (haven)
* installing *binary* package ‚Äòtidyverse‚Äô ...
* DONE (tidyverse)

The downloaded source packages are in
	‚Äò/tmp/RtmptE0ajF/downloaded_packages‚Äô
‚îÄ‚îÄ Attaching core tidyverse packages ‚îÄ‚îÄ‚îÄ‚îÄ‚îÄ‚îÄ‚îÄ‚îÄ‚îÄ‚îÄ‚îÄ‚îÄ‚îÄ‚îÄ‚îÄ‚îÄ‚îÄ‚îÄ‚îÄ‚îÄ‚îÄ‚îÄ‚îÄ‚îÄ tidyverse 2.0.0 ‚îÄ‚îÄ
‚úî dplyr     1.1.4     ‚úî readr     2.1.5
‚úî forcats   1.0.0     ‚úî stringr   1.5.1
‚úî ggplot2   3.5.1     ‚úî tibble    3.2.1
‚úî lubridate 1.9.4     ‚úî tidyr     1.3.1
‚úî purrr     1.0.4     
‚îÄ‚îÄ Conflicts ‚îÄ‚îÄ‚îÄ‚îÄ‚îÄ‚îÄ‚îÄ‚îÄ‚îÄ‚îÄ‚îÄ‚îÄ‚îÄ‚îÄ‚îÄ‚îÄ‚îÄ‚îÄ‚îÄ‚îÄ‚îÄ‚îÄ‚îÄ‚îÄ‚îÄ‚îÄ‚îÄ‚îÄ‚îÄ‚îÄ‚îÄ‚îÄ‚îÄ‚îÄ‚îÄ‚îÄ‚îÄ‚îÄ‚îÄ‚îÄ‚îÄ‚îÄ tidyverse_conflicts() ‚îÄ‚îÄ
‚úñ dplyr::filter() masks stats::filter()
‚úñ dplyr::lag()    masks stats::lag()
‚Ñπ Use the conflicted package (<http://conflicted.r-lib.org/>) to force all conflicts to become errors
Loading required package: usethis

Attaching package: ‚Äòsignal‚Äô

The following object is masked from ‚Äòpackage:dplyr‚Äô:

    filter

The following objects are masked from ‚Äòpackage:stats‚Äô:

    filter, poly

Error: The requested node is no longer available.
       HTTP status code 410.
Execution halted

========================================
File: /data/repo2docker/CSEP_DataScienceExPhys_DataGen_Akerman.R
Execution Failed:
‚îÄ‚îÄ Attaching core tidyverse packages ‚îÄ‚îÄ‚îÄ‚îÄ‚îÄ‚îÄ‚îÄ‚îÄ‚îÄ‚îÄ‚îÄ‚îÄ‚îÄ‚îÄ‚îÄ‚îÄ‚îÄ‚îÄ‚îÄ‚îÄ‚îÄ‚îÄ‚îÄ‚îÄ tidyverse 2.0.0 ‚îÄ‚îÄ
‚úî dplyr     1.1.4     ‚úî readr     2.1.5
‚úî forcats   1.0.0     ‚úî stringr   1.5.1
‚úî ggplot2   3.5.1     ‚úî tibble    3.2.1
‚úî lubridate 1.9.4     ‚úî tidyr     1.3.1
‚úî purrr     1.0.4     
‚îÄ‚îÄ Conflicts ‚îÄ‚îÄ‚îÄ‚îÄ‚îÄ‚îÄ‚îÄ‚îÄ‚îÄ‚îÄ‚îÄ‚îÄ‚îÄ‚îÄ‚îÄ‚îÄ‚îÄ‚îÄ‚îÄ‚îÄ‚îÄ‚îÄ‚îÄ‚îÄ‚îÄ‚îÄ‚îÄ‚îÄ‚îÄ‚îÄ‚îÄ‚îÄ‚îÄ‚îÄ‚îÄ‚îÄ‚îÄ‚îÄ‚îÄ‚îÄ‚îÄ‚îÄ tidyverse_conflicts() ‚îÄ‚îÄ
‚úñ dplyr::filter() masks stats::filter()
‚úñ dplyr::lag()    masks stats::lag()
‚Ñπ Use the conflicted package (<http://conflicted.r-lib.org/>) to force all conflicts to become errors
Loading required package: usethis

Attaching package: ‚Äòsignal‚Äô

The following object is masked from ‚Äòpackage:dplyr‚Äô:

    filter

The following objects are masked from ‚Äòpackage:stats‚Äô:

    filter, poly

Error in setwd("/Users/ashleyakerman/Dropbox/My Mac (Ashley‚Äôs MacBook Pro)/Documents/AcademicWork/OtherProjects/CSEP2021") : 
  cannot change working directory
Execution halted

========================================
‚è≥ Total execution time for project skp56: 46.56 seconds
‚è≥ Total execution time for project skp56: 576 seconds

==================================================

=== Project 82dqk Execution Log ===

==== [REPO2DOCKER SETUP] ====
[2025-02-26 14:01:52] ‚úÖ Repo2Docker files created successfully in 0.09 seconds.
========================================

==== [TOTAL TIME] ====
[2025-02-26 14:01:52] ‚è≥ Total time from download to container setup: 240.75 seconds.
========================================

==== [CONTAINER SETUP] ====
[2025-02-26 14:01:52] ‚öôÔ∏è Building Docker container...
========================================

==== [CONTAINER SETUP] ====
[2025-02-26 14:08:33] ‚öôÔ∏è Building Docker container...
========================================
‚è≥ Total execution time for project 82dqk: 746 seconds

==================================================

=== Project b7krz Execution Log ===

==== [REPO2DOCKER SETUP] ====
[2025-02-26 14:16:31] ‚úÖ Repo2Docker files created successfully in 0.00 seconds.
========================================

==== [TOTAL TIME] ====
[2025-02-26 14:16:31] ‚è≥ Total time from download to container setup: 374.22 seconds.
========================================

==== [CONTAINER SETUP] ====
[2025-02-26 14:16:31] ‚öôÔ∏è Building Docker container...
========================================

==== [CONTAINER SETUP] ====
[2025-02-26 14:21:09] ‚öôÔ∏è Building Docker container...
========================================
‚è≥ Total execution time for project b7krz: 657 seconds

==================================================

=== Project dkq3f Execution Log ===

==== [REPO2DOCKER SETUP] ====
[2025-02-26 14:22:09] ‚úÖ Repo2Docker files created successfully in 0.01 seconds.
========================================

==== [TOTAL TIME] ====
[2025-02-26 14:22:09] ‚è≥ Total time from download to container setup: 54.90 seconds.
========================================

==== [CONTAINER SETUP] ====
[2025-02-26 14:22:09] ‚öôÔ∏è Building Docker container...
========================================

==== [CONTAINER SETUP] ====
[2025-02-26 14:28:41] ‚öôÔ∏è Building Docker container...
========================================

==== [CONTAINER BUILD] ====
[2025-02-26 14:28:41] ‚úÖ Container built successfully.
========================================

==== [CONTAINER RUN] ====
[2025-02-26 14:28:41] ‚úÖ Container is running.
========================================
File: /data/repo2docker/eda_brms.R
Execution Failed:
Error: RStudio not running
Execution halted

========================================
‚è≥ Total execution time for project dkq3f: 0.33 seconds
‚è≥ Total execution time for project dkq3f: 450 seconds

==================================================

=== Project m72gb Execution Log ===

==== [REPO2DOCKER SETUP] ====
[2025-02-26 14:30:36] ‚úÖ Repo2Docker files created successfully in 0.05 seconds.
========================================

==== [TOTAL TIME] ====
[2025-02-26 14:30:36] ‚è≥ Total time from download to container setup: 111.66 seconds.
========================================

==== [CONTAINER SETUP] ====
[2025-02-26 14:30:36] ‚öôÔ∏è Building Docker container...
========================================

==== [CONTAINER SETUP] ====
[2025-02-26 14:36:16] ‚öôÔ∏è Building Docker container...
========================================
‚è≥ Total execution time for project m72gb: 518 seconds

==================================================

=== Project kpe75 Execution Log ===

==== [PROJECT INIT] ====
[2025-02-25 19:00:30] üöÄ Starting processing for project 'kpe75'
========================================

==== [ERROR] ====
[2025-02-25 19:06:47] ‚ùå Error occurred: Response has status code 502 not (200,)
========================================
‚è≥ Total execution time for project kpe75: 379 seconds

==== [PROJECT INIT] ====
[2025-02-26 14:37:21] üöÄ Starting processing for project 'kpe75'
========================================

==== [ERROR] ====
[2025-02-26 14:39:47] ‚ùå Error occurred: Response has status code 502.
========================================
‚è≥ Total execution time for project kpe75: 147 seconds

==================================================

=== Project w97h4 Execution Log ===

==== [REPO2DOCKER SETUP] ====
[2025-02-26 14:43:34] ‚úÖ Repo2Docker files created successfully in 0.00 seconds.
========================================

==== [TOTAL TIME] ====
[2025-02-26 14:43:34] ‚è≥ Total time from download to container setup: 227.05 seconds.
========================================

==== [CONTAINER SETUP] ====
[2025-02-26 14:43:34] ‚öôÔ∏è Building Docker container...
========================================

==== [CONTAINER SETUP] ====
[2025-02-26 14:54:19] ‚öôÔ∏è Building Docker container...
========================================

==== [CONTAINER BUILD] ====
[2025-02-26 14:54:20] ‚úÖ Container built successfully.
========================================

==== [CONTAINER RUN] ====
[2025-02-26 14:54:20] ‚úÖ Container is running.
========================================
File: /data/repo2docker/code/Paper_functions.R
Execution Successful:

========================================
File: /data/repo2docker/Paper_functions.R
Execution Successful:

========================================
‚è≥ Total execution time for project w97h4: 4.88 seconds
‚è≥ Total execution time for project w97h4: 878 seconds

==================================================

=== Project 4kmdv Execution Log ===

==== [REPO2DOCKER SETUP] ====
[2025-02-26 14:54:50] ‚úÖ Repo2Docker files created successfully in 0.00 seconds.
========================================

==== [TOTAL TIME] ====
[2025-02-26 14:54:50] ‚è≥ Total time from download to container setup: 21.34 seconds.
========================================

==== [CONTAINER SETUP] ====
[2025-02-26 14:54:50] ‚öôÔ∏è Building Docker container...
========================================

==== [CONTAINER SETUP] ====
[2025-02-26 15:00:30] ‚öôÔ∏è Building Docker container...
========================================

==== [CONTAINER BUILD] ====
[2025-02-26 15:00:30] ‚úÖ Container built successfully.
========================================

==== [CONTAINER RUN] ====
[2025-02-26 15:00:30] ‚úÖ Container is running.
========================================
File: /data/repo2docker/analysis code.R
Execution Failed:
Loading required package: lattice
Loading required package: plyr
Error in library(car) : there is no package called ‚Äòcar‚Äô
Execution halted

========================================
‚è≥ Total execution time for project 4kmdv: 0.59 seconds
‚è≥ Total execution time for project 4kmdv: 366 seconds

==================================================

=== Project egpr5 Execution Log ===

==== [REPO2DOCKER SETUP] ====
[2025-02-26 15:01:51] ‚úÖ Repo2Docker files created successfully in 0.00 seconds.
========================================

==== [TOTAL TIME] ====
[2025-02-26 15:01:51] ‚è≥ Total time from download to container setup: 78.33 seconds.
========================================

==== [CONTAINER SETUP] ====
[2025-02-26 15:01:51] ‚öôÔ∏è Building Docker container...
========================================

==== [CONTAINER SETUP] ====
[2025-02-26 15:07:58] ‚öôÔ∏è Building Docker container...
========================================
‚è≥ Total execution time for project egpr5: 545 seconds

==================================================

=== Project 5ejcq Execution Log ===

==== [REPO2DOCKER SETUP] ====
[2025-02-26 15:14:41] ‚úÖ Repo2Docker files created successfully in 0.00 seconds.
========================================

==== [TOTAL TIME] ====
[2025-02-26 15:14:41] ‚è≥ Total time from download to container setup: 303.52 seconds.
========================================

==== [CONTAINER SETUP] ====
[2025-02-26 15:14:41] ‚öôÔ∏è Building Docker container...
========================================

==== [CONTAINER SETUP] ====
[2025-02-26 15:24:25] ‚öôÔ∏è Building Docker container...
========================================

==== [CONTAINER BUILD] ====
[2025-02-26 15:24:26] ‚úÖ Container built successfully.
========================================

==== [CONTAINER RUN] ====
[2025-02-26 15:24:26] ‚úÖ Container is running.
========================================
File: /data/repo2docker/data_preperation_functions.R
Execution Successful:

========================================
File: /data/repo2docker/R code and non-spatial data/R/data_preperation_functions.R
Execution Successful:

========================================
‚è≥ Total execution time for project 5ejcq: 3.18 seconds
‚è≥ Total execution time for project 5ejcq: 894 seconds

==================================================

=== Project jpxts Execution Log ===

==== [PROJECT INIT] ====
[2025-02-19 21:26:18] üöÄ Starting processing for project 'jpxts'
========================================

==== [ERROR] ====
[2025-02-19 22:01:39] ‚ùå Error occurred: Response has status code 400.
========================================
‚è≥ Total execution time for project jpxts: 2121 seconds

==== [PROJECT INIT] ====
[2025-02-24 13:08:01] üöÄ Starting processing for project 'jpxts'
========================================

==== [ERROR] ====
[2025-02-24 13:32:02] ‚ùå Error occurred: Response has status code 502.
========================================
‚è≥ Total execution time for project jpxts: 1444 seconds

==== [PROJECT INIT] ====
[2025-02-26 15:24:32] üöÄ Starting processing for project 'jpxts'
========================================

==== [ERROR] ====
[2025-02-26 15:42:38] ‚ùå Error occurred: Response has status code 504.
========================================
‚è≥ Total execution time for project jpxts: 1088 seconds

==================================================

=== Project xuz8d Execution Log ===

==== [REPO2DOCKER SETUP] ====
[2025-02-26 15:42:57] ‚úÖ Repo2Docker files created successfully in 0.00 seconds.
========================================

==== [TOTAL TIME] ====
[2025-02-26 15:42:57] ‚è≥ Total time from download to container setup: 18.12 seconds.
========================================

==== [CONTAINER SETUP] ====
[2025-02-26 15:42:57] ‚öôÔ∏è Building Docker container...
========================================

==== [CONTAINER SETUP] ====
[2025-02-26 15:49:21] ‚öôÔ∏è Building Docker container...
========================================

==== [CONTAINER BUILD] ====
[2025-02-26 15:49:21] ‚úÖ Container built successfully.
========================================

==== [CONTAINER RUN] ====
[2025-02-26 15:49:22] ‚úÖ Container is running.
========================================
‚è≥ Total execution time for project xuz8d: 404 seconds

==================================================

=== Project u3wby Execution Log ===

==== [REPO2DOCKER SETUP] ====
[2025-02-26 15:52:26] ‚úÖ Repo2Docker files created successfully in 0.00 seconds.
========================================

==== [TOTAL TIME] ====
[2025-02-26 15:52:26] ‚è≥ Total time from download to container setup: 181.68 seconds.
========================================

==== [CONTAINER SETUP] ====
[2025-02-26 15:52:26] ‚öôÔ∏è Building Docker container...
========================================

==== [CONTAINER SETUP] ====
[2025-02-26 15:58:06] ‚öôÔ∏è Building Docker container...
========================================
‚è≥ Total execution time for project u3wby: 594 seconds

==================================================

=== Project gwn4y Execution Log ===

==== [PROJECT INIT] ====
[2025-02-20 06:45:55] üöÄ Starting processing for project 'gwn4y'
========================================

==== [ERROR] ====
[2025-02-20 14:03:51] ‚ùå Error occurred: Response has status code 502 not (200,)
========================================
‚è≥ Total execution time for project gwn4y: 26279 seconds

==== [PROJECT INIT] ====
[2025-02-24 16:42:11] üöÄ Starting processing for project 'gwn4y'
========================================

==== [ERROR] ====
[2025-02-24 22:06:20] ‚ùå Error occurred: Response has status code 503.
========================================
‚è≥ Total execution time for project gwn4y: 19452 seconds

==== [PROJECT INIT] ====
[2025-02-25 09:49:13] üöÄ Starting processing for project 'gwn4y'
========================================

==== [PROJECT INIT] ====
[2025-02-25 10:29:35] üöÄ Starting processing for project 'gwn4y'
========================================

==== [PROJECT INIT] ====
[2025-02-25 11:14:10] üöÄ Starting processing for project 'gwn4y'
========================================

==== [ERROR] ====
[2025-02-25 11:59:09] ‚ùå Error occurred: ('Connection aborted.', RemoteDisconnected('Remote end closed connection without response'))
========================================
‚è≥ Total execution time for project gwn4y: 2703 seconds

==== [PROJECT INIT] ====
[2025-02-26 15:59:18] üöÄ Starting processing for project 'gwn4y'
========================================

==== [ERROR] ====
[2025-02-26 16:58:46] ‚ùå Error occurred: Response has status code 500.
========================================
‚è≥ Total execution time for project gwn4y: 3571 seconds

==================================================

=== Project fsbzw Execution Log ===

==== [REPO2DOCKER SETUP] ====
[2025-02-26 06:46:31] ‚úÖ Repo2Docker files created successfully in 0.00 seconds.
========================================

==== [TOTAL TIME] ====
[2025-02-26 06:46:31] ‚è≥ Total time from download to container setup: 106.52 seconds.
========================================

==== [CONTAINER SETUP] ====
[2025-02-26 06:46:31] ‚öôÔ∏è Building Docker container...
========================================

==== [CONTAINER SETUP] ====
[2025-02-26 06:52:09] ‚öôÔ∏è Building Docker container...
========================================
‚è≥ Total execution time for project fsbzw: 460 seconds

==== [PROJECT INIT] ====
[2025-02-26 16:58:47] üöÄ Starting processing for project 'fsbzw'
========================================

==== [DOWNLOAD] ====
[2025-02-26 16:58:47] ‚úÖ Project downloaded successfully in 0.66 seconds.
========================================

==== [ERROR] ====
[2025-02-26 16:58:47] ‚ùå Error occurred: expected str, bytes or os.PathLike object, not NoneType
========================================

==== [CONTAINER SETUP] ====
[2025-02-26 16:58:47] ‚öôÔ∏è Building Docker container...
========================================

==== [CONTAINER SETUP] ====
[2025-02-26 17:04:40] ‚öôÔ∏è Building Docker container...
========================================

==== [CONTAINER BUILD] ====
[2025-02-26 17:04:40] ‚úÖ Container built successfully.
========================================

==== [CONTAINER RUN] ====
[2025-02-26 17:04:41] ‚úÖ Container is running.
========================================
File: /data/repo2docker/plot.fix.e1.R
Execution Successful:

========================================
File: /data/repo2docker/functions.R
Execution Successful:

========================================
File: /data/repo2docker/Model/R-ACT-R/functions.R
Execution Successful:

========================================
File: /data/repo2docker/Model/plots/plot.fix.e1.R
Execution Successful:

========================================
‚è≥ Total execution time for project fsbzw: 0.81 seconds
‚è≥ Total execution time for project fsbzw: 355 seconds

==================================================

=== Project fdp39 Execution Log ===

==== [REPO2DOCKER SETUP] ====
[2025-02-26 17:05:16] ‚úÖ Repo2Docker files created successfully in 0.00 seconds.
========================================

==== [TOTAL TIME] ====
[2025-02-26 17:05:16] ‚è≥ Total time from download to container setup: 32.97 seconds.
========================================

==== [CONTAINER SETUP] ====
[2025-02-26 17:05:16] ‚öôÔ∏è Building Docker container...
========================================

==== [CONTAINER SETUP] ====
[2025-02-26 17:10:17] ‚öôÔ∏è Building Docker container...
========================================
‚è≥ Total execution time for project fdp39: 370 seconds

==================================================

=== Project 7vbtr Execution Log ===

==== [REPO2DOCKER SETUP] ====
[2025-02-26 17:11:24] ‚úÖ Repo2Docker files created successfully in 0.00 seconds.
========================================

==== [TOTAL TIME] ====
[2025-02-26 17:11:24] ‚è≥ Total time from download to container setup: 30.59 seconds.
========================================

==== [CONTAINER SETUP] ====
[2025-02-26 17:11:24] ‚öôÔ∏è Building Docker container...
========================================

==== [CONTAINER SETUP] ====
[2025-02-26 17:17:47] ‚öôÔ∏è Building Docker container...
========================================

==== [CONTAINER BUILD] ====
[2025-02-26 17:17:47] ‚úÖ Container built successfully.
========================================

==== [CONTAINER RUN] ====
[2025-02-26 17:17:48] ‚úÖ Container is running.
========================================
File: /data/repo2docker/Gyurkovics_Stafford_Levita_analyses.R
Execution Failed:
Loading required package: Matrix

Attaching package: ‚ÄòlmerTest‚Äô

The following object is masked from ‚Äòpackage:lme4‚Äô:

    lmer

The following object is masked from ‚Äòpackage:stats‚Äô:

    step

Welcome to emmeans.
Caution: You lose important information if you filter this package's results.
See '? untidy'
Error in library(car) : there is no package called ‚Äòcar‚Äô
Execution halted

========================================
‚è≥ Total execution time for project 7vbtr: 23.74 seconds
‚è≥ Total execution time for project 7vbtr: 440 seconds

==================================================

=== Project vy763 Execution Log ===

==== [REPO2DOCKER SETUP] ====
[2025-02-26 17:18:35] ‚úÖ Repo2Docker files created successfully in 0.00 seconds.
========================================

==== [TOTAL TIME] ====
[2025-02-26 17:18:35] ‚è≥ Total time from download to container setup: 21.76 seconds.
========================================

==== [CONTAINER SETUP] ====
[2025-02-26 17:18:35] ‚öôÔ∏è Building Docker container...
========================================

==== [CONTAINER SETUP] ====
[2025-02-26 17:23:48] ‚öôÔ∏è Building Docker container...
========================================

==== [CONTAINER BUILD] ====
[2025-02-26 17:23:49] ‚úÖ Container built successfully.
========================================

==== [CONTAINER RUN] ====
[2025-02-26 17:23:49] ‚úÖ Container is running.
========================================
‚è≥ Total execution time for project vy763: 337 seconds

==================================================

=== Project f6qsk Execution Log ===

==== [REPO2DOCKER SETUP] ====
[2025-02-26 17:24:30] ‚úÖ Repo2Docker files created successfully in 0.00 seconds.
========================================

==== [TOTAL TIME] ====
[2025-02-26 17:24:30] ‚è≥ Total time from download to container setup: 39.17 seconds.
========================================

==== [CONTAINER SETUP] ====
[2025-02-26 17:24:30] ‚öôÔ∏è Building Docker container...
========================================

==== [CONTAINER SETUP] ====
[2025-02-26 17:32:05] ‚öôÔ∏è Building Docker container...
========================================

==== [CONTAINER BUILD] ====
[2025-02-26 17:32:05] ‚úÖ Container built successfully.
========================================

==== [CONTAINER RUN] ====
[2025-02-26 17:32:06] ‚úÖ Container is running.
========================================
File: /data/repo2docker/analysis_exp1.R
Execution Failed:
Error in setwd("~/git_local/motion-blink/") : 
  cannot change working directory
Execution halted

========================================
File: /data/repo2docker/analysis_exp2.R
Execution Failed:
Error in setwd("~/git_local/motion-blink/") : 
  cannot change working directory
Execution halted

========================================
‚è≥ Total execution time for project f6qsk: 0.39 seconds
‚è≥ Total execution time for project f6qsk: 497 seconds

==================================================

=== Project 74qnu Execution Log ===

==== [REPO2DOCKER SETUP] ====
[2025-02-26 17:32:36] ‚úÖ Repo2Docker files created successfully in 0.00 seconds.
========================================

==== [TOTAL TIME] ====
[2025-02-26 17:32:36] ‚è≥ Total time from download to container setup: 28.07 seconds.
========================================

==== [CONTAINER SETUP] ====
[2025-02-26 17:32:37] ‚öôÔ∏è Building Docker container...
========================================

==== [CONTAINER SETUP] ====
[2025-02-26 17:37:43] ‚öôÔ∏è Building Docker container...
========================================

==== [CONTAINER BUILD] ====
[2025-02-26 17:37:44] ‚úÖ Container built successfully.
========================================

==== [CONTAINER RUN] ====
[2025-02-26 17:37:44] ‚úÖ Container is running.
========================================
File: /data/repo2docker/Script and Data/Script_Predicting_Social_Skill_Expression.R
Execution Failed:

Attaching package: ‚Äòdplyr‚Äô

The following objects are masked from ‚Äòpackage:stats‚Äô:

    filter, lag

The following objects are masked from ‚Äòpackage:base‚Äô:

    intersect, setdiff, setequal, union


Attaching package: ‚Äòeffsize‚Äô

The following object is masked from ‚Äòpackage:psych‚Äô:

    cohen.d


Attaching package: ‚ÄòGPArotation‚Äô

The following objects are masked from ‚Äòpackage:psych‚Äô:

    equamax, varimin

This is lavaan 0.6-19
lavaan is FREE software! Please report any bugs.

Attaching package: ‚Äòlavaan‚Äô

The following object is masked from ‚Äòpackage:psych‚Äô:

    cor2cov

Error in stats[1, 3] <- median(x, na.rm = na.rm) : 
  number of items to replace is not a multiple of replacement length
Calls: describe -> describe.1
In addition: Warning messages:
1: Unknown or uninitialised column: `Age`. 
2: In mean.default(x, na.rm = na.rm) :
  argument is not numeric or logical: returning NA
Execution halted

========================================
File: /data/repo2docker/Script_Predicting_Social_Skill_Expression.R
Execution Failed:

Attaching package: ‚Äòdplyr‚Äô

The following objects are masked from ‚Äòpackage:stats‚Äô:

    filter, lag

The following objects are masked from ‚Äòpackage:base‚Äô:

    intersect, setdiff, setequal, union


Attaching package: ‚Äòeffsize‚Äô

The following object is masked from ‚Äòpackage:psych‚Äô:

    cohen.d


Attaching package: ‚ÄòGPArotation‚Äô

The following objects are masked from ‚Äòpackage:psych‚Äô:

    equamax, varimin

This is lavaan 0.6-19
lavaan is FREE software! Please report any bugs.

Attaching package: ‚Äòlavaan‚Äô

The following object is masked from ‚Äòpackage:psych‚Äô:

    cor2cov

Error in stats[1, 3] <- median(x, na.rm = na.rm) : 
  number of items to replace is not a multiple of replacement length
Calls: describe -> describe.1
In addition: Warning messages:
1: Unknown or uninitialised column: `Age`. 
2: In mean.default(x, na.rm = na.rm) :
  argument is not numeric or logical: returning NA
Execution halted

========================================
‚è≥ Total execution time for project 74qnu: 1.28 seconds
‚è≥ Total execution time for project 74qnu: 340 seconds

==================================================

=== Project yhmbd Execution Log ===

==== [REPO2DOCKER SETUP] ====
[2025-02-26 17:39:03] ‚úÖ Repo2Docker files created successfully in 0.00 seconds.
========================================

==== [TOTAL TIME] ====
[2025-02-26 17:39:03] ‚è≥ Total time from download to container setup: 75.42 seconds.
========================================

==== [CONTAINER SETUP] ====
[2025-02-26 17:39:03] ‚öôÔ∏è Building Docker container...
========================================

==== [CONTAINER SETUP] ====
[2025-02-26 17:45:35] ‚öôÔ∏è Building Docker container...
========================================
‚è≥ Total execution time for project yhmbd: 594 seconds

==================================================

=== Project qjfv4 Execution Log ===

==== [REPO2DOCKER SETUP] ====
[2025-02-26 17:48:38] ‚úÖ Repo2Docker files created successfully in 0.00 seconds.
========================================

==== [TOTAL TIME] ====
[2025-02-26 17:48:38] ‚è≥ Total time from download to container setup: 56.61 seconds.
========================================

==== [CONTAINER SETUP] ====
[2025-02-26 17:48:38] ‚öôÔ∏è Building Docker container...
========================================

==== [CONTAINER SETUP] ====
[2025-02-26 17:53:24] ‚öôÔ∏è Building Docker container...
========================================
‚è≥ Total execution time for project qjfv4: 371 seconds

==================================================

=== Project a8htx Execution Log ===

==== [REPO2DOCKER SETUP] ====
[2025-02-25 16:43:05] ‚úÖ Repo2Docker files created successfully in 0.02 seconds.
========================================

==== [TOTAL TIME] ====
[2025-02-25 16:43:05] ‚è≥ Total time from download to container setup: 1831.27 seconds.
========================================

==== [CONTAINER SETUP] ====
[2025-02-25 16:43:05] ‚öôÔ∏è Building Docker container...
========================================

==== [CONTAINER SETUP] ====
[2025-02-25 16:45:05] ‚öôÔ∏è Building Docker container...
========================================
‚è≥ Total execution time for project a8htx: 2066 seconds

==== [PROJECT INIT] ====
[2025-02-26 17:53:53] üöÄ Starting processing for project 'a8htx'
========================================

==== [ERROR] ====
[2025-02-26 18:05:17] ‚ùå Error occurred: Response has status code 403.
========================================

==== [CONTAINER SETUP] ====
[2025-02-26 18:05:17] ‚öôÔ∏è Building Docker container...
========================================

==== [CONTAINER SETUP] ====
[2025-02-26 18:06:31] ‚öôÔ∏è Building Docker container...
========================================
‚è≥ Total execution time for project a8htx: 845 seconds

==================================================

=== Project 3uyjt Execution Log ===

==== [REPO2DOCKER SETUP] ====
[2025-02-26 18:09:36] ‚úÖ Repo2Docker files created successfully in 0.00 seconds.
========================================

==== [TOTAL TIME] ====
[2025-02-26 18:09:36] ‚è≥ Total time from download to container setup: 99.73 seconds.
========================================

==== [CONTAINER SETUP] ====
[2025-02-26 18:09:36] ‚öôÔ∏è Building Docker container...
========================================

==== [CONTAINER SETUP] ====
[2025-02-26 18:10:58] ‚öôÔ∏è Building Docker container...
========================================
‚è≥ Total execution time for project 3uyjt: 183 seconds

==================================================

=== Project ajf3h Execution Log ===

==== [REPO2DOCKER SETUP] ====
[2025-02-26 18:14:16] ‚úÖ Repo2Docker files created successfully in 0.00 seconds.
========================================

==== [TOTAL TIME] ====
[2025-02-26 18:14:16] ‚è≥ Total time from download to container setup: 195.73 seconds.
========================================

==== [CONTAINER SETUP] ====
[2025-02-26 18:14:16] ‚öôÔ∏è Building Docker container...
========================================

==== [CONTAINER SETUP] ====
[2025-02-26 18:20:42] ‚öôÔ∏è Building Docker container...
========================================

==== [CONTAINER BUILD] ====
[2025-02-26 18:20:43] ‚úÖ Container built successfully.
========================================

==== [CONTAINER RUN] ====
[2025-02-26 18:20:43] ‚úÖ Container is running.
========================================
‚è≥ Total execution time for project ajf3h: 584 seconds

==================================================

=== Project amd3r Execution Log ===

==== [REPO2DOCKER SETUP] ====
[2025-02-26 18:23:41] ‚úÖ Repo2Docker files created successfully in 0.00 seconds.
========================================

==== [TOTAL TIME] ====
[2025-02-26 18:23:41] ‚è≥ Total time from download to container setup: 176.29 seconds.
========================================

==== [CONTAINER SETUP] ====
[2025-02-26 18:23:41] ‚öôÔ∏è Building Docker container...
========================================

==== [CONTAINER SETUP] ====
[2025-02-26 18:29:04] ‚öôÔ∏è Building Docker container...
========================================
‚è≥ Total execution time for project amd3r: 555 seconds

==================================================

=== Project hu2n8 Execution Log ===

==== [REPO2DOCKER SETUP] ====
[2025-02-26 18:32:34] ‚úÖ Repo2Docker files created successfully in 0.00 seconds.
========================================

==== [TOTAL TIME] ====
[2025-02-26 18:32:34] ‚è≥ Total time from download to container setup: 155.12 seconds.
========================================

==== [CONTAINER SETUP] ====
[2025-02-26 18:32:34] ‚öôÔ∏è Building Docker container...
========================================

==== [CONTAINER SETUP] ====
[2025-02-26 18:39:49] ‚öôÔ∏è Building Docker container...
========================================
‚è≥ Total execution time for project hu2n8: 751 seconds

==================================================

=== Project zh3f4 Execution Log ===

==== [REPO2DOCKER SETUP] ====
[2025-02-26 18:54:33] ‚úÖ Repo2Docker files created successfully in 0.00 seconds.
========================================

==== [TOTAL TIME] ====
[2025-02-26 18:54:33] ‚è≥ Total time from download to container setup: 723.00 seconds.
========================================

==== [CONTAINER SETUP] ====
[2025-02-26 18:54:33] ‚öôÔ∏è Building Docker container...
========================================

==== [CONTAINER SETUP] ====
[2025-02-26 18:59:22] ‚öôÔ∏è Building Docker container...
========================================
‚è≥ Total execution time for project zh3f4: 1042 seconds

==================================================

=== Project hfy4k Execution Log ===

==== [REPO2DOCKER SETUP] ====
[2025-02-26 19:01:28] ‚úÖ Repo2Docker files created successfully in 0.00 seconds.
========================================

==== [TOTAL TIME] ====
[2025-02-26 19:01:28] ‚è≥ Total time from download to container setup: 95.29 seconds.
========================================

==== [CONTAINER SETUP] ====
[2025-02-26 19:01:28] ‚öôÔ∏è Building Docker container...
========================================

==== [CONTAINER SETUP] ====
[2025-02-26 19:05:04] ‚öôÔ∏è Building Docker container...
========================================
‚è≥ Total execution time for project hfy4k: 653 seconds

==================================================
